# JRE version: OpenJDK Runtime Environment (11.0.12+7) (build 11.0.12+7-b1504.28-7817840)
# Java VM: OpenJDK 64-Bit Server VM (11.0.12+7-b1504.28-7817840, mixed mode, tiered, compressed oops, g1 gc, windows-amd64)
Heap:
 garbage-first heap   total 549888K, used 258283K [0x0000000080000000, 0x0000000100000000)
  region size 1024K, 51 young (52224K), 2 survivors (2048K)
 Metaspace       used 123432K, capacity 126698K, committed 126756K, reserved 1159168K
  class space    used 15613K, capacity 16875K, committed 16896K, reserved 1048576K
GC Heap History (20 events):
Event: 122.924 GC heap before
{Heap before GC invocations=66 (full 0):
 garbage-first heap   total 483328K, used 229632K [0x0000000080000000, 0x0000000100000000)
  region size 1024K, 23 young (23552K), 4 survivors (4096K)
 Metaspace       used 116193K, capacity 119160K, committed 119332K, reserved 1153024K
  class space    used 14913K, capacity 16021K, committed 16128K, reserved 1048576K
}
Event: 122.954 GC heap after
{Heap after GC invocations=67 (full 0):
 garbage-first heap   total 483328K, used 211449K [0x0000000080000000, 0x0000000100000000)
  region size 1024K, 3 young (3072K), 3 survivors (3072K)
 Metaspace       used 116193K, capacity 119160K, committed 119332K, reserved 1153024K
  class space    used 14913K, capacity 16021K, committed 16128K, reserved 1048576K
}
Event: 124.945 GC heap before
{Heap before GC invocations=67 (full 0):
 garbage-first heap   total 483328K, used 285177K [0x0000000080000000, 0x0000000100000000)
  region size 1024K, 68 young (69632K), 3 survivors (3072K)
 Metaspace       used 116470K, capacity 119432K, committed 119588K, reserved 1153024K
  class space    used 14938K, capacity 16063K, committed 16128K, reserved 1048576K
}
Event: 125.009 GC heap after
{Heap after GC invocations=68 (full 0):
 garbage-first heap   total 483328K, used 222841K [0x0000000080000000, 0x0000000100000000)
  region size 1024K, 8 young (8192K), 8 survivors (8192K)
 Metaspace       used 116470K, capacity 119432K, committed 119588K, reserved 1153024K
  class space    used 14938K, capacity 16063K, committed 16128K, reserved 1048576K
}
Event: 126.080 GC heap before
{Heap before GC invocations=68 (full 0):
 garbage-first heap   total 483328K, used 242297K [0x0000000080000000, 0x0000000100000000)
  region size 1024K, 28 young (28672K), 8 survivors (8192K)
 Metaspace       used 116936K, capacity 119915K, committed 120228K, reserved 1153024K
  class space    used 14996K, capacity 16135K, committed 16256K, reserved 1048576K
}
Event: 126.144 GC heap after
{Heap after GC invocations=69 (full 0):
 garbage-first heap   total 483328K, used 224927K [0x0000000080000000, 0x0000000100000000)
  region size 1024K, 3 young (3072K), 3 survivors (3072K)
 Metaspace       used 116936K, capacity 119915K, committed 120228K, reserved 1153024K
  class space    used 14996K, capacity 16135K, committed 16256K, reserved 1048576K
}
Event: 129.406 GC heap before
{Heap before GC invocations=70 (full 0):
 garbage-first heap   total 483328K, used 314015K [0x0000000080000000, 0x0000000100000000)
  region size 1024K, 71 young (72704K), 3 survivors (3072K)
 Metaspace       used 117345K, capacity 120394K, committed 120484K, reserved 1153024K
  class space    used 15036K, capacity 16182K, committed 16256K, reserved 1048576K
}
Event: 129.446 GC heap after
{Heap after GC invocations=71 (full 0):
 garbage-first heap   total 483328K, used 248122K [0x0000000080000000, 0x0000000100000000)
  region size 1024K, 7 young (7168K), 7 survivors (7168K)
 Metaspace       used 117345K, capacity 120394K, committed 120484K, reserved 1153024K
  class space    used 15036K, capacity 16182K, committed 16256K, reserved 1048576K
}
Event: 129.532 GC heap before
{Heap before GC invocations=71 (full 0):
 garbage-first heap   total 483328K, used 264506K [0x0000000080000000, 0x0000000100000000)
  region size 1024K, 23 young (23552K), 7 survivors (7168K)
 Metaspace       used 117346K, capacity 120395K, committed 120484K, reserved 1153024K
  class space    used 15036K, capacity 16182K, committed 16256K, reserved 1048576K
}
Event: 129.588 GC heap after
{Heap after GC invocations=72 (full 0):
 garbage-first heap   total 483328K, used 247808K [0x0000000080000000, 0x0000000100000000)
  region size 1024K, 3 young (3072K), 3 survivors (3072K)
 Metaspace       used 117346K, capacity 120395K, committed 120484K, reserved 1153024K
  class space    used 15036K, capacity 16182K, committed 16256K, reserved 1048576K
}
Event: 129.605 GC heap before
{Heap before GC invocations=72 (full 0):
 garbage-first heap   total 483328K, used 256000K [0x0000000080000000, 0x0000000100000000)
  region size 1024K, 12 young (12288K), 3 survivors (3072K)
 Metaspace       used 117346K, capacity 120395K, committed 120484K, reserved 1153024K
  class space    used 15036K, capacity 16182K, committed 16256K, reserved 1048576K
}
Event: 129.626 GC heap after
{Heap after GC invocations=73 (full 0):
 garbage-first heap   total 549888K, used 249361K [0x0000000080000000, 0x0000000100000000)
  region size 1024K, 5 young (5120K), 5 survivors (5120K)
 Metaspace       used 117346K, capacity 120395K, committed 120484K, reserved 1153024K
  class space    used 15036K, capacity 16182K, committed 16256K, reserved 1048576K
}
Event: 131.826 GC heap before
{Heap before GC invocations=74 (full 0):
 garbage-first heap   total 549888K, used 343569K [0x0000000080000000, 0x0000000100000000)
  region size 1024K, 84 young (86016K), 5 survivors (5120K)
 Metaspace       used 117482K, capacity 120550K, committed 120740K, reserved 1155072K
  class space    used 15036K, capacity 16182K, committed 16256K, reserved 1048576K
}
Event: 131.867 GC heap after
{Heap after GC invocations=75 (full 0):
 garbage-first heap   total 549888K, used 268288K [0x0000000080000000, 0x0000000100000000)
  region size 1024K, 10 young (10240K), 10 survivors (10240K)
 Metaspace       used 117482K, capacity 120550K, committed 120740K, reserved 1155072K
  class space    used 15036K, capacity 16182K, committed 16256K, reserved 1048576K
}
Event: 133.775 GC heap before
{Heap before GC invocations=75 (full 0):
 garbage-first heap   total 549888K, used 286720K [0x0000000080000000, 0x0000000100000000)
  region size 1024K, 29 young (29696K), 10 survivors (10240K)
 Metaspace       used 117648K, capacity 120676K, committed 120996K, reserved 1155072K
  class space    used 15045K, capacity 16189K, committed 16256K, reserved 1048576K
}
Event: 133.800 GC heap after
{Heap after GC invocations=76 (full 0):
 garbage-first heap   total 549888K, used 257516K [0x0000000080000000, 0x0000000100000000)
  region size 1024K, 8 young (8192K), 8 survivors (8192K)
 Metaspace       used 117648K, capacity 120676K, committed 120996K, reserved 1155072K
  class space    used 15045K, capacity 16189K, committed 16256K, reserved 1048576K
}
Event: 138.098 GC heap before
{Heap before GC invocations=77 (full 0):
 garbage-first heap   total 549888K, used 318956K [0x0000000080000000, 0x0000000100000000)
  region size 1024K, 95 young (97280K), 8 survivors (8192K)
 Metaspace       used 123058K, capacity 126257K, committed 126500K, reserved 1159168K
  class space    used 15593K, capacity 16824K, committed 16896K, reserved 1048576K
}
Event: 138.138 GC heap after
{Heap after GC invocations=78 (full 0):
 garbage-first heap   total 549888K, used 228014K [0x0000000080000000, 0x0000000100000000)
  region size 1024K, 10 young (10240K), 10 survivors (10240K)
 Metaspace       used 123058K, capacity 126257K, committed 126500K, reserved 1159168K
  class space    used 15593K, capacity 16824K, committed 16896K, reserved 1048576K
}
Event: 138.612 GC heap before
{Heap before GC invocations=78 (full 0):
 garbage-first heap   total 549888K, used 244398K [0x0000000080000000, 0x0000000100000000)
  region size 1024K, 26 young (26624K), 10 survivors (10240K)
 Metaspace       used 123123K, capacity 126330K, committed 126500K, reserved 1159168K
  class space    used 15594K, capacity 16824K, committed 16896K, reserved 1048576K
}
Event: 138.672 GC heap after
{Heap after GC invocations=79 (full 0):
 garbage-first heap   total 549888K, used 208107K [0x0000000080000000, 0x0000000100000000)
  region size 1024K, 2 young (2048K), 2 survivors (2048K)
 Metaspace       used 123123K, capacity 126330K, committed 126500K, reserved 1159168K
  class space    used 15594K, capacity 16824K, committed 16896K, reserved 1048576K
}

