# JRE version: OpenJDK Runtime Environment (11.0.12+7) (build 11.0.12+7-b1504.28-7817840)
# Java VM: OpenJDK 64-Bit Server VM (11.0.12+7-b1504.28-7817840, mixed mode, tiered, compressed oops, g1 gc, windows-amd64)
Heap:
 garbage-first heap   total 273408K, used 124037K [0x0000000080000000, 0x0000000100000000)
  region size 1024K, 22 young (22528K), 8 survivors (8192K)
 Metaspace       used 118532K, capacity 121286K, committed 121508K, reserved 1155072K
  class space    used 14406K, capacity 15400K, committed 15488K, reserved 1048576K
GC Heap History (20 events):
Event: 189.586 GC heap before
{Heap before GC invocations=43 (full 0):
 garbage-first heap   total 273408K, used 123392K [0x0000000080000000, 0x0000000100000000)
  region size 1024K, 18 young (18432K), 2 survivors (2048K)
 Metaspace       used 107245K, capacity 109712K, committed 109988K, reserved 1144832K
  class space    used 13021K, capacity 13869K, committed 13952K, reserved 1048576K
}
Event: 189.605 GC heap after
{Heap after GC invocations=44 (full 0):
 garbage-first heap   total 273408K, used 111545K [0x0000000080000000, 0x0000000100000000)
  region size 1024K, 5 young (5120K), 5 survivors (5120K)
 Metaspace       used 107245K, capacity 109712K, committed 109988K, reserved 1144832K
  class space    used 13021K, capacity 13869K, committed 13952K, reserved 1048576K
}
Event: 191.601 GC heap before
{Heap before GC invocations=45 (full 0):
 garbage-first heap   total 273408K, used 210873K [0x0000000080000000, 0x0000000100000000)
  region size 1024K, 91 young (93184K), 5 survivors (5120K)
 Metaspace       used 107319K, capacity 109725K, committed 109988K, reserved 1144832K
  class space    used 13022K, capacity 13871K, committed 13952K, reserved 1048576K
}
Event: 191.664 GC heap after
{Heap after GC invocations=46 (full 0):
 garbage-first heap   total 273408K, used 128752K [0x0000000080000000, 0x0000000100000000)
  region size 1024K, 12 young (12288K), 12 survivors (12288K)
 Metaspace       used 107319K, capacity 109725K, committed 109988K, reserved 1144832K
  class space    used 13022K, capacity 13871K, committed 13952K, reserved 1048576K
}
Event: 191.692 GC heap before
{Heap before GC invocations=46 (full 0):
 garbage-first heap   total 273408K, used 129776K [0x0000000080000000, 0x0000000100000000)
  region size 1024K, 13 young (13312K), 12 survivors (12288K)
 Metaspace       used 107319K, capacity 109725K, committed 109988K, reserved 1144832K
  class space    used 13022K, capacity 13871K, committed 13952K, reserved 1048576K
}
Event: 191.736 GC heap after
{Heap after GC invocations=47 (full 0):
 garbage-first heap   total 273408K, used 129024K [0x0000000080000000, 0x0000000100000000)
  region size 1024K, 1 young (1024K), 1 survivors (1024K)
 Metaspace       used 107319K, capacity 109725K, committed 109988K, reserved 1144832K
  class space    used 13022K, capacity 13871K, committed 13952K, reserved 1048576K
}
Event: 192.835 GC heap before
{Heap before GC invocations=47 (full 0):
 garbage-first heap   total 273408K, used 196608K [0x0000000080000000, 0x0000000100000000)
  region size 1024K, 68 young (69632K), 1 survivors (1024K)
 Metaspace       used 107358K, capacity 109789K, committed 109988K, reserved 1144832K
  class space    used 13022K, capacity 13871K, committed 13952K, reserved 1048576K
}
Event: 192.865 GC heap after
{Heap after GC invocations=48 (full 0):
 garbage-first heap   total 273408K, used 133896K [0x0000000080000000, 0x0000000100000000)
  region size 1024K, 6 young (6144K), 6 survivors (6144K)
 Metaspace       used 107358K, capacity 109789K, committed 109988K, reserved 1144832K
  class space    used 13022K, capacity 13871K, committed 13952K, reserved 1048576K
}
Event: 194.531 GC heap before
{Heap before GC invocations=49 (full 0):
 garbage-first heap   total 273408K, used 228104K [0x0000000080000000, 0x0000000100000000)
  region size 1024K, 81 young (82944K), 6 survivors (6144K)
 Metaspace       used 107428K, capacity 109858K, committed 109988K, reserved 1144832K
  class space    used 13023K, capacity 13872K, committed 13952K, reserved 1048576K
}
Event: 194.543 GC heap after
{Heap after GC invocations=50 (full 0):
 garbage-first heap   total 273408K, used 132680K [0x0000000080000000, 0x0000000100000000)
  region size 1024K, 4 young (4096K), 4 survivors (4096K)
 Metaspace       used 107428K, capacity 109858K, committed 109988K, reserved 1144832K
  class space    used 13023K, capacity 13872K, committed 13952K, reserved 1048576K
}
Event: 194.714 GC heap before
{Heap before GC invocations=50 (full 0):
 garbage-first heap   total 273408K, used 140872K [0x0000000080000000, 0x0000000100000000)
  region size 1024K, 13 young (13312K), 4 survivors (4096K)
 Metaspace       used 107430K, capacity 109858K, committed 109988K, reserved 1144832K
  class space    used 13023K, capacity 13872K, committed 13952K, reserved 1048576K
}
Event: 194.725 GC heap after
{Heap after GC invocations=51 (full 0):
 garbage-first heap   total 273408K, used 132410K [0x0000000080000000, 0x0000000100000000)
  region size 1024K, 1 young (1024K), 1 survivors (1024K)
 Metaspace       used 107430K, capacity 109858K, committed 109988K, reserved 1144832K
  class space    used 13023K, capacity 13872K, committed 13952K, reserved 1048576K
}
Event: 197.254 GC heap before
{Heap before GC invocations=51 (full 0):
 garbage-first heap   total 273408K, used 213306K [0x0000000080000000, 0x0000000100000000)
  region size 1024K, 81 young (82944K), 1 survivors (1024K)
 Metaspace       used 108779K, capacity 111218K, committed 111396K, reserved 1146880K
  class space    used 13161K, capacity 14023K, committed 14080K, reserved 1048576K
}
Event: 197.267 GC heap after
{Heap after GC invocations=52 (full 0):
 garbage-first heap   total 273408K, used 134205K [0x0000000080000000, 0x0000000100000000)
  region size 1024K, 3 young (3072K), 3 survivors (3072K)
 Metaspace       used 108779K, capacity 111218K, committed 111396K, reserved 1146880K
  class space    used 13161K, capacity 14023K, committed 14080K, reserved 1048576K
}
Event: 202.948 GC heap before
{Heap before GC invocations=53 (full 0):
 garbage-first heap   total 273408K, used 194621K [0x0000000080000000, 0x0000000100000000)
  region size 1024K, 85 young (87040K), 3 survivors (3072K)
 Metaspace       used 113152K, capacity 115668K, committed 115876K, reserved 1150976K
  class space    used 13690K, capacity 14598K, committed 14720K, reserved 1048576K
}
Event: 202.978 GC heap after
{Heap after GC invocations=54 (full 0):
 garbage-first heap   total 273408K, used 116433K [0x0000000080000000, 0x0000000100000000)
  region size 1024K, 8 young (8192K), 8 survivors (8192K)
 Metaspace       used 113152K, capacity 115668K, committed 115876K, reserved 1150976K
  class space    used 13690K, capacity 14598K, committed 14720K, reserved 1048576K
}
Event: 203.051 GC heap before
{Heap before GC invocations=54 (full 0):
 garbage-first heap   total 273408K, used 121553K [0x0000000080000000, 0x0000000100000000)
  region size 1024K, 13 young (13312K), 8 survivors (8192K)
 Metaspace       used 113235K, capacity 115732K, committed 115876K, reserved 1150976K
  class space    used 13701K, capacity 14598K, committed 14720K, reserved 1048576K
}
Event: 203.098 GC heap after
{Heap after GC invocations=55 (full 0):
 garbage-first heap   total 273408K, used 105340K [0x0000000080000000, 0x0000000100000000)
  region size 1024K, 2 young (2048K), 2 survivors (2048K)
 Metaspace       used 113235K, capacity 115732K, committed 115876K, reserved 1150976K
  class space    used 13701K, capacity 14598K, committed 14720K, reserved 1048576K
}
Event: 205.535 GC heap before
{Heap before GC invocations=55 (full 0):
 garbage-first heap   total 273408K, used 207740K [0x0000000080000000, 0x0000000100000000)
  region size 1024K, 103 young (105472K), 2 survivors (2048K)
 Metaspace       used 117107K, capacity 119631K, committed 119844K, reserved 1155072K
  class space    used 14165K, capacity 15102K, committed 15104K, reserved 1048576K
}
Event: 205.572 GC heap after
{Heap after GC invocations=56 (full 0):
 garbage-first heap   total 273408K, used 110725K [0x0000000080000000, 0x0000000100000000)
  region size 1024K, 8 young (8192K), 8 survivors (8192K)
 Metaspace       used 117107K, capacity 119631K, committed 119844K, reserved 1155072K
  class space    used 14165K, capacity 15102K, committed 15104K, reserved 1048576K
}

